2018-12-21 10:36:23.296 INFO  (main) [   ] o.e.j.u.log Logging initialized @982ms to org.eclipse.jetty.util.log.Slf4jLog
2018-12-21 10:36:23.450 INFO  (main) [   ] o.e.j.s.Server jetty-9.4.11.v20180605; built: 2018-06-05T18:24:03.829Z; git: d5fc0523cfa96bfebfbda19606cad384d772f04c; jvm 1.8.0_191-b12
2018-12-21 10:36:23.465 INFO  (main) [   ] o.e.j.d.p.ScanningAppProvider Deployment monitor [file:///C:/Users/saidb/Documents/SolrSearchEngine/server/contexts/] at interval 0
2018-12-21 10:36:23.929 INFO  (main) [   ] o.e.j.w.StandardDescriptorProcessor NO JSP Support for /solr, did not find org.apache.jasper.servlet.JspServlet
2018-12-21 10:36:23.929 INFO  (main) [   ] o.e.j.s.session DefaultSessionIdManager workerName=node0
2018-12-21 10:36:23.929 INFO  (main) [   ] o.e.j.s.session No SessionScavenger set, using defaults
2018-12-21 10:36:23.945 INFO  (main) [   ] o.e.j.s.session node0 Scavenging every 600000ms
2018-12-21 10:36:23.992 INFO  (main) [   ] o.a.s.u.c.SSLCredentialProviderFactory Processing SSL Credential Provider chain: env;sysprop
2018-12-21 10:36:24.007 INFO  (main) [   ] o.a.s.s.SolrDispatchFilter Using logger factory org.apache.logging.slf4j.Log4jLoggerFactory
2018-12-21 10:36:24.007 INFO  (main) [   ] o.a.s.s.SolrDispatchFilter  ___      _       Welcome to Apache Solr™ version 7.5.0
2018-12-21 10:36:24.007 INFO  (main) [   ] o.a.s.s.SolrDispatchFilter / __| ___| |_ _   Starting in standalone mode on port 8983
2018-12-21 10:36:24.007 INFO  (main) [   ] o.a.s.s.SolrDispatchFilter \__ \/ _ \ | '_|  Install dir: C:\Users\saidb\Documents\SolrSearchEngine
2018-12-21 10:36:24.007 INFO  (main) [   ] o.a.s.s.SolrDispatchFilter |___/\___/_|_|    Start time: 2018-12-21T10:36:24.007Z
2018-12-21 10:36:24.023 INFO  (main) [   ] o.a.s.c.SolrResourceLoader Using system property solr.solr.home: C:\Users\saidb\Documents\SolrSearchEngine\server\solr
2018-12-21 10:36:24.038 INFO  (main) [   ] o.a.s.c.SolrXmlConfig Loading container configuration from C:\Users\saidb\Documents\SolrSearchEngine\server\solr\solr.xml
2018-12-21 10:36:24.085 INFO  (main) [   ] o.a.s.c.SolrXmlConfig MBean server found: com.sun.jmx.mbeanserver.JmxMBeanServer@71248c21, but no JMX reporters were configured - adding default JMX reporter.
2018-12-21 10:36:24.684 INFO  (main) [   ] o.a.s.c.TransientSolrCoreCacheDefault Allocating transient cache for 2147483647 transient cores
2018-12-21 10:36:24.684 INFO  (main) [   ] o.a.s.h.a.MetricsHistoryHandler No .system collection, keeping metrics history in memory.
2018-12-21 10:36:24.730 INFO  (main) [   ] o.a.s.m.r.SolrJmxReporter JMX monitoring for 'solr.node' (registry 'solr.node') enabled at server: com.sun.jmx.mbeanserver.JmxMBeanServer@71248c21
2018-12-21 10:36:24.730 INFO  (main) [   ] o.a.s.m.r.SolrJmxReporter JMX monitoring for 'solr.jvm' (registry 'solr.jvm') enabled at server: com.sun.jmx.mbeanserver.JmxMBeanServer@71248c21
2018-12-21 10:36:24.746 INFO  (main) [   ] o.a.s.m.r.SolrJmxReporter JMX monitoring for 'solr.jetty' (registry 'solr.jetty') enabled at server: com.sun.jmx.mbeanserver.JmxMBeanServer@71248c21
2018-12-21 10:36:24.777 INFO  (main) [   ] o.a.s.c.CorePropertiesLocator Found 1 core definitions underneath C:\Users\saidb\Documents\SolrSearchEngine\server\solr
2018-12-21 10:36:24.777 INFO  (main) [   ] o.a.s.c.CorePropertiesLocator Cores are: [core_blog]
2018-12-21 10:36:24.871 INFO  (coreLoadExecutor-9-thread-1) [   x:core_blog] o.a.s.c.SolrResourceLoader [core_blog] Added 56 libs to classloader, from paths: [/C:/Users/saidb/Documents/SolrSearchEngine/contrib/clustering/lib, /C:/Users/saidb/Documents/SolrSearchEngine/contrib/extraction/lib, /C:/Users/saidb/Documents/SolrSearchEngine/contrib/langid/lib, /C:/Users/saidb/Documents/SolrSearchEngine/contrib/velocity/lib, /C:/Users/saidb/Documents/SolrSearchEngine/dist]
2018-12-21 10:36:24.996 INFO  (coreLoadExecutor-9-thread-1) [   x:core_blog] o.a.s.c.SolrConfig Using Lucene MatchVersion: 7.5.0
2018-12-21 10:36:25.152 INFO  (main) [   ] o.e.j.s.h.ContextHandler Started o.e.j.w.WebAppContext@4e50c791{/solr,file:///C:/Users/saidb/Documents/SolrSearchEngine/server/solr-webapp/webapp/,AVAILABLE}{C:\Users\saidb\Documents\SolrSearchEngine\server/solr-webapp/webapp}
2018-12-21 10:36:25.168 INFO  (main) [   ] o.e.j.s.AbstractConnector Started ServerConnector@1c7fd41f{HTTP/1.1,[http/1.1]}{0.0.0.0:8983}
2018-12-21 10:36:25.168 INFO  (main) [   ] o.e.j.s.Server Started @2842ms
2018-12-21 10:36:25.168 INFO  (coreLoadExecutor-9-thread-1) [   x:core_blog] o.a.s.s.IndexSchema [core_blog] Schema name=default-config
2018-12-21 10:36:25.763 INFO  (qtp1571967156-22) [   ] o.a.s.s.HttpSolrCall [admin] webapp=null path=/admin/info/system params={wt=json} status=0 QTime=47
2018-12-21 10:36:25.998 INFO  (coreLoadExecutor-9-thread-1) [   x:core_blog] o.a.s.s.IndexSchema Loaded schema default-config/1.6 with uniqueid field id
2018-12-21 10:36:26.013 INFO  (coreLoadExecutor-9-thread-1) [   x:core_blog] o.a.s.c.CoreContainer Creating SolrCore 'core_blog' using configuration from instancedir C:\Users\saidb\Documents\SolrSearchEngine\server\solr\core_blog, trusted=true
2018-12-21 10:36:26.029 INFO  (coreLoadExecutor-9-thread-1) [   x:core_blog] o.a.s.m.r.SolrJmxReporter JMX monitoring for 'solr.core.core_blog' (registry 'solr.core.core_blog') enabled at server: com.sun.jmx.mbeanserver.JmxMBeanServer@71248c21
2018-12-21 10:36:26.045 INFO  (coreLoadExecutor-9-thread-1) [   x:core_blog] o.a.s.c.SolrCore [[core_blog] ] Opening new SolrCore at [C:\Users\saidb\Documents\SolrSearchEngine\server\solr\core_blog], dataDir=[C:\Users\saidb\Documents\SolrSearchEngine\server\solr\core_blog\data\]
2018-12-21 10:36:26.076 INFO  (coreLoadExecutor-9-thread-1) [   x:core_blog] o.a.s.r.XSLTResponseWriter xsltCacheLifetimeSeconds=5
2018-12-21 10:36:26.439 INFO  (coreLoadExecutor-9-thread-1) [   x:core_blog] o.a.s.u.UpdateHandler Using UpdateLog implementation: org.apache.solr.update.UpdateLog
2018-12-21 10:36:26.439 INFO  (coreLoadExecutor-9-thread-1) [   x:core_blog] o.a.s.u.UpdateLog Initializing UpdateLog: dataDir= defaultSyncLevel=FLUSH numRecordsToKeep=100 maxNumLogsToKeep=10 numVersionBuckets=65536
2018-12-21 10:36:26.454 INFO  (coreLoadExecutor-9-thread-1) [   x:core_blog] o.a.s.u.CommitTracker Hard AutoCommit: if uncommitted for 15000ms; 
2018-12-21 10:36:26.454 INFO  (coreLoadExecutor-9-thread-1) [   x:core_blog] o.a.s.u.CommitTracker Soft AutoCommit: disabled
2018-12-21 10:36:26.532 INFO  (coreLoadExecutor-9-thread-1) [   x:core_blog] o.a.s.s.SolrIndexSearcher Opening [Searcher@529cc5df[core_blog] main]
2018-12-21 10:36:26.532 INFO  (coreLoadExecutor-9-thread-1) [   x:core_blog] o.a.s.r.ManagedResourceStorage File-based storage initialized to use dir: C:\Users\saidb\Documents\SolrSearchEngine\server\solr\core_blog\conf
2018-12-21 10:36:26.559 INFO  (coreLoadExecutor-9-thread-1) [   x:core_blog] o.a.s.h.c.SpellCheckComponent Initializing spell checkers
2018-12-21 10:36:26.561 INFO  (coreLoadExecutor-9-thread-1) [   x:core_blog] o.a.s.s.DirectSolrSpellChecker init: {name=default,field=_text_,classname=solr.DirectSolrSpellChecker,distanceMeasure=internal,accuracy=0.5,maxEdits=2,minPrefix=1,maxInspections=5,minQueryLength=4,maxQueryFrequency=0.01}
2018-12-21 10:36:26.561 INFO  (coreLoadExecutor-9-thread-1) [   x:core_blog] o.a.s.h.ReplicationHandler Commits will be reserved for 10000ms.
2018-12-21 10:36:26.561 INFO  (searcherExecutor-10-thread-1-processing-x:core_blog) [   x:core_blog] o.a.s.c.QuerySenderListener QuerySenderListener sending requests to Searcher@529cc5df[core_blog] main{ExitableDirectoryReader(UninvertingDirectoryReader())}
2018-12-21 10:36:26.561 INFO  (searcherExecutor-10-thread-1-processing-x:core_blog) [   x:core_blog] o.a.s.c.QuerySenderListener QuerySenderListener done.
2018-12-21 10:36:26.561 INFO  (searcherExecutor-10-thread-1-processing-x:core_blog) [   x:core_blog] o.a.s.h.c.SpellCheckComponent Loading spell index for spellchecker: default
2018-12-21 10:36:26.577 INFO  (coreLoadExecutor-9-thread-1) [   x:core_blog] o.a.s.u.UpdateLog Could not find max version in index or recent updates, using new clock 1620457382558564352
2018-12-21 10:36:26.577 INFO  (searcherExecutor-10-thread-1-processing-x:core_blog) [   x:core_blog] o.a.s.c.SolrCore [core_blog] Registered new searcher Searcher@529cc5df[core_blog] main{ExitableDirectoryReader(UninvertingDirectoryReader())}
2018-12-21 10:36:42.166 INFO  (qtp1571967156-23) [   ] o.a.s.s.HttpSolrCall [admin] webapp=null path=/admin/cores params={indexInfo=false&wt=json&_=1545388601948} status=0 QTime=1
2018-12-21 10:36:42.195 INFO  (qtp1571967156-19) [   ] o.a.s.s.HttpSolrCall [admin] webapp=null path=/admin/info/system params={wt=json&_=1545388601949} status=0 QTime=29
2018-12-21 10:36:42.233 INFO  (qtp1571967156-16) [   ] o.a.s.s.HttpSolrCall [admin] webapp=null path=/admin/info/system params={wt=json&_=1545388601949} status=0 QTime=33
2018-12-21 10:36:45.609 INFO  (qtp1571967156-23) [   ] o.a.s.s.HttpSolrCall [admin] webapp=null path=/admin/cores params={indexInfo=false&wt=json&_=1545388601948} status=0 QTime=0
2018-12-21 10:36:45.618 INFO  (qtp1571967156-15) [   x:core_blog] o.a.s.c.S.Request [core_blog]  webapp=/solr path=/admin/luke params={numTerms=0&show=index&wt=json&_=1545388605601} status=0 QTime=6
2018-12-21 10:36:45.620 INFO  (qtp1571967156-16) [   x:core_blog] o.a.s.c.S.Request [core_blog]  webapp=/solr path=/replication params={wt=json&command=details&_=1545388605602} status=0 QTime=6
2018-12-21 10:36:45.621 INFO  (qtp1571967156-22) [   x:core_blog] o.a.s.c.S.Request [core_blog]  webapp=/solr path=/admin/ping params={action=status&wt=json&_=1545388601949&ts=1545388601949} status=503 QTime=1
2018-12-21 10:36:45.667 INFO  (qtp1571967156-17) [   x:core_blog] o.a.s.c.S.Request [core_blog]  webapp=/solr path=/admin/system params={wt=json&_=1545388605602} status=0 QTime=50
2018-12-21 10:36:45.667 INFO  (qtp1571967156-24) [   ] o.a.s.s.HttpSolrCall [admin] webapp=null path=/admin/info/system params={wt=json&_=1545388601949} status=0 QTime=57
2018-12-21 10:36:49.062 INFO  (qtp1571967156-17) [   ] o.a.s.s.HttpSolrCall [admin] webapp=null path=/admin/cores params={indexInfo=false&wt=json&_=1545388601948} status=0 QTime=0
2018-12-21 10:36:49.069 INFO  (qtp1571967156-21) [   x:core_blog] o.a.s.c.S.Request [core_blog]  webapp=/solr path=/config params={wt=json&_=1545388609042} status=0 QTime=4
2018-12-21 10:36:49.076 INFO  (qtp1571967156-38) [   x:core_blog] o.a.s.c.S.Request [core_blog]  webapp=/solr path=/admin/luke params={show=schema&wt=json&_=1545388605601} status=0 QTime=11
2018-12-21 10:36:49.097 INFO  (qtp1571967156-19) [   ] o.a.s.s.HttpSolrCall [admin] webapp=null path=/admin/info/system params={wt=json&_=1545388601949} status=0 QTime=33
2018-12-21 10:36:49.162 INFO  (qtp1571967156-19) [   x:core_blog] o.a.s.c.S.Request [core_blog]  webapp=/solr path=/admin/luke params={numTerms=0&wt=json&_=1545388605601} status=0 QTime=0
2018-12-21 10:42:07.089 INFO  (qtp1571967156-24) [   x:core_blog] o.a.s.s.ManagedIndexSchema Upgraded to managed schema at C:\Users\saidb\Documents\SolrSearchEngine\server\solr\core_blog\conf\managed-schema
2018-12-21 10:42:07.140 INFO  (qtp1571967156-24) [   x:core_blog] o.a.s.c.S.Request [core_blog]  webapp=/solr path=/schema params={wt=json&_=1545388609042} status=0 QTime=563
2018-12-21 10:42:08.651 INFO  (qtp1571967156-22) [   x:core_blog] o.a.s.c.S.Request [core_blog]  webapp=/solr path=/admin/luke params={show=schema&wt=json&_=1545388605601} status=0 QTime=2
2018-12-21 10:42:08.651 INFO  (qtp1571967156-18) [   x:core_blog] o.a.s.c.S.Request [core_blog]  webapp=/solr path=/config params={wt=json&_=1545388609042} status=0 QTime=0
2018-12-21 10:42:08.678 INFO  (qtp1571967156-24) [   x:core_blog] o.a.s.c.S.Request [core_blog]  webapp=/solr path=/admin/luke params={numTerms=0&wt=json&_=1545388605601} status=0 QTime=0
2018-12-21 10:42:47.911 INFO  (qtp1571967156-22) [   x:core_blog] o.a.s.s.ManagedIndexSchema Upgraded to managed schema at C:\Users\saidb\Documents\SolrSearchEngine\server\solr\core_blog\conf\managed-schema
2018-12-21 10:42:48.038 INFO  (qtp1571967156-22) [   x:core_blog] o.a.s.c.S.Request [core_blog]  webapp=/solr path=/schema params={wt=json&_=1545388609042} status=0 QTime=154
2018-12-21 10:42:49.546 INFO  (qtp1571967156-19) [   x:core_blog] o.a.s.c.S.Request [core_blog]  webapp=/solr path=/config params={wt=json&_=1545388609042} status=0 QTime=0
2018-12-21 10:42:49.547 INFO  (qtp1571967156-24) [   x:core_blog] o.a.s.c.S.Request [core_blog]  webapp=/solr path=/admin/luke params={show=schema&wt=json&_=1545388605601} status=0 QTime=1
2018-12-21 10:42:49.560 INFO  (qtp1571967156-22) [   x:core_blog] o.a.s.c.S.Request [core_blog]  webapp=/solr path=/admin/luke params={numTerms=0&wt=json&_=1545388605601} status=0 QTime=0
2018-12-21 10:44:10.431 INFO  (qtp1571967156-24) [   ] o.a.s.s.HttpSolrCall [admin] webapp=null path=/admin/cores params={indexInfo=false&wt=json&_=1545388601948} status=0 QTime=0
2018-12-21 10:44:10.457 INFO  (qtp1571967156-18) [   ] o.a.s.s.HttpSolrCall [admin] webapp=null path=/admin/info/system params={wt=json&_=1545388601949} status=0 QTime=25
2018-12-21 10:44:12.163 INFO  (qtp1571967156-22) [   ] o.a.s.s.HttpSolrCall [admin] webapp=null path=/admin/cores params={indexInfo=false&wt=json&_=1545388601948} status=0 QTime=0
2018-12-21 10:44:12.166 INFO  (qtp1571967156-24) [   x:core_blog] o.a.s.c.S.Request [core_blog]  webapp=/solr path=/admin/luke params={show=schema&wt=json&_=1545388605601} status=0 QTime=1
2018-12-21 10:44:12.166 INFO  (qtp1571967156-39) [   x:core_blog] o.a.s.c.S.Request [core_blog]  webapp=/solr path=/config params={wt=json&_=1545388609042} status=0 QTime=0
2018-12-21 10:44:12.188 INFO  (qtp1571967156-42) [   ] o.a.s.s.HttpSolrCall [admin] webapp=null path=/admin/info/system params={wt=json&_=1545388601949} status=0 QTime=25
2018-12-21 10:44:12.247 INFO  (qtp1571967156-23) [   x:core_blog] o.a.s.c.S.Request [core_blog]  webapp=/solr path=/admin/luke params={numTerms=0&wt=json&_=1545388605601} status=0 QTime=0
2018-12-21 10:44:23.211 INFO  (qtp1571967156-42) [   ] o.a.s.s.HttpSolrCall [admin] webapp=null path=/admin/cores params={indexInfo=false&wt=json&_=1545388601948} status=0 QTime=0
2018-12-21 10:44:23.215 INFO  (qtp1571967156-23) [   x:core_blog] o.a.s.c.S.Request [core_blog]  webapp=/solr path=/config params={wt=json&_=1545388609042} status=0 QTime=0
2018-12-21 10:44:23.216 INFO  (qtp1571967156-21) [   x:core_blog] o.a.s.c.S.Request [core_blog]  webapp=/solr path=/admin/luke params={show=schema&wt=json&_=1545388605601} status=0 QTime=1
2018-12-21 10:44:23.236 INFO  (qtp1571967156-22) [   ] o.a.s.s.HttpSolrCall [admin] webapp=null path=/admin/info/system params={wt=json&_=1545388601949} status=0 QTime=24
2018-12-21 10:44:23.263 INFO  (qtp1571967156-24) [   x:core_blog] o.a.s.c.S.Request [core_blog]  webapp=/solr path=/admin/luke params={numTerms=0&wt=json&_=1545388605601} status=0 QTime=0
2018-12-21 10:44:38.477 INFO  (qtp1571967156-22) [   ] o.a.s.s.HttpSolrCall [admin] webapp=null path=/admin/cores params={indexInfo=false&wt=json&_=1545388601948} status=0 QTime=0
2018-12-21 10:44:38.481 INFO  (qtp1571967156-39) [   x:core_blog] o.a.s.c.S.Request [core_blog]  webapp=/solr path=/admin/luke params={show=schema&wt=json&_=1545388605601} status=0 QTime=1
2018-12-21 10:44:38.481 INFO  (qtp1571967156-24) [   x:core_blog] o.a.s.c.S.Request [core_blog]  webapp=/solr path=/config params={wt=json&_=1545388609042} status=0 QTime=0
2018-12-21 10:44:38.506 INFO  (qtp1571967156-42) [   ] o.a.s.s.HttpSolrCall [admin] webapp=null path=/admin/info/system params={wt=json&_=1545388601949} status=0 QTime=28
2018-12-21 10:44:38.535 INFO  (qtp1571967156-21) [   x:core_blog] o.a.s.c.S.Request [core_blog]  webapp=/solr path=/admin/luke params={numTerms=0&wt=json&_=1545388605601} status=0 QTime=0
2018-12-21 10:44:40.093 INFO  (qtp1571967156-42) [   ] o.a.s.s.HttpSolrCall [admin] webapp=null path=/admin/cores params={indexInfo=false&wt=json&_=1545388601948} status=0 QTime=0
2018-12-21 10:44:40.097 INFO  (qtp1571967156-23) [   x:core_blog] o.a.s.c.S.Request [core_blog]  webapp=/solr path=/config params={wt=json&_=1545388609042} status=0 QTime=0
2018-12-21 10:44:40.097 INFO  (qtp1571967156-21) [   x:core_blog] o.a.s.c.S.Request [core_blog]  webapp=/solr path=/admin/luke params={show=schema&wt=json&_=1545388605601} status=0 QTime=1
2018-12-21 10:44:40.117 INFO  (qtp1571967156-22) [   ] o.a.s.s.HttpSolrCall [admin] webapp=null path=/admin/info/system params={wt=json&_=1545388601949} status=0 QTime=23
2018-12-21 10:44:40.154 INFO  (qtp1571967156-39) [   x:core_blog] o.a.s.c.S.Request [core_blog]  webapp=/solr path=/admin/luke params={numTerms=0&wt=json&_=1545388605601} status=0 QTime=0
2018-12-21 10:44:52.666 INFO  (qtp1571967156-22) [   ] o.a.s.s.HttpSolrCall [admin] webapp=null path=/admin/cores params={indexInfo=false&wt=json&_=1545388601948} status=0 QTime=0
2018-12-21 10:44:52.670 INFO  (qtp1571967156-24) [   x:core_blog] o.a.s.c.S.Request [core_blog]  webapp=/solr path=/admin/luke params={show=schema&wt=json&_=1545388605601} status=0 QTime=1
2018-12-21 10:44:52.670 INFO  (qtp1571967156-39) [   x:core_blog] o.a.s.c.S.Request [core_blog]  webapp=/solr path=/config params={wt=json&_=1545388609042} status=0 QTime=0
2018-12-21 10:44:52.694 INFO  (qtp1571967156-42) [   ] o.a.s.s.HttpSolrCall [admin] webapp=null path=/admin/info/system params={wt=json&_=1545388601949} status=0 QTime=28
2018-12-21 10:44:52.734 INFO  (qtp1571967156-21) [   x:core_blog] o.a.s.c.S.Request [core_blog]  webapp=/solr path=/admin/luke params={numTerms=0&wt=json&_=1545388605601} status=0 QTime=0
2018-12-21 10:44:53.475 INFO  (qtp1571967156-42) [   ] o.a.s.s.HttpSolrCall [admin] webapp=null path=/admin/cores params={indexInfo=false&wt=json&_=1545388601948} status=0 QTime=0
2018-12-21 10:44:53.478 INFO  (qtp1571967156-21) [   x:core_blog] o.a.s.c.S.Request [core_blog]  webapp=/solr path=/config params={wt=json&_=1545388609042} status=0 QTime=0
2018-12-21 10:44:53.478 INFO  (qtp1571967156-23) [   x:core_blog] o.a.s.c.S.Request [core_blog]  webapp=/solr path=/admin/luke params={show=schema&wt=json&_=1545388605601} status=0 QTime=1
2018-12-21 10:44:53.505 INFO  (qtp1571967156-22) [   ] o.a.s.s.HttpSolrCall [admin] webapp=null path=/admin/info/system params={wt=json&_=1545388601949} status=0 QTime=29
2018-12-21 10:44:53.524 INFO  (qtp1571967156-24) [   x:core_blog] o.a.s.c.S.Request [core_blog]  webapp=/solr path=/admin/luke params={numTerms=0&wt=json&_=1545388605601} status=0 QTime=0
2018-12-21 10:44:54.238 INFO  (qtp1571967156-22) [   ] o.a.s.s.HttpSolrCall [admin] webapp=null path=/admin/cores params={indexInfo=false&wt=json&_=1545388601948} status=0 QTime=0
2018-12-21 10:44:54.240 INFO  (qtp1571967156-39) [   x:core_blog] o.a.s.c.S.Request [core_blog]  webapp=/solr path=/admin/luke params={show=schema&wt=json&_=1545388605601} status=0 QTime=1
2018-12-21 10:44:54.241 INFO  (qtp1571967156-24) [   x:core_blog] o.a.s.c.S.Request [core_blog]  webapp=/solr path=/config params={wt=json&_=1545388609042} status=0 QTime=0
2018-12-21 10:44:54.261 INFO  (qtp1571967156-42) [   ] o.a.s.s.HttpSolrCall [admin] webapp=null path=/admin/info/system params={wt=json&_=1545388601949} status=0 QTime=23
2018-12-21 10:44:54.283 INFO  (qtp1571967156-23) [   x:core_blog] o.a.s.c.S.Request [core_blog]  webapp=/solr path=/admin/luke params={numTerms=0&wt=json&_=1545388605601} status=0 QTime=0
2018-12-21 10:44:56.876 INFO  (qtp1571967156-42) [   ] o.a.s.s.HttpSolrCall [admin] webapp=null path=/admin/cores params={indexInfo=false&wt=json&_=1545388601948} status=0 QTime=0
2018-12-21 10:44:56.879 INFO  (qtp1571967156-23) [   x:core_blog] o.a.s.c.S.Request [core_blog]  webapp=/solr path=/config params={wt=json&_=1545388609042} status=0 QTime=0
2018-12-21 10:44:56.879 INFO  (qtp1571967156-22) [   x:core_blog] o.a.s.c.S.Request [core_blog]  webapp=/solr path=/admin/luke params={show=schema&wt=json&_=1545388605601} status=0 QTime=1
2018-12-21 10:44:56.904 INFO  (qtp1571967156-21) [   ] o.a.s.s.HttpSolrCall [admin] webapp=null path=/admin/info/system params={wt=json&_=1545388601949} status=0 QTime=27
2018-12-21 10:44:56.930 INFO  (qtp1571967156-39) [   x:core_blog] o.a.s.c.S.Request [core_blog]  webapp=/solr path=/admin/luke params={numTerms=0&wt=json&_=1545388605601} status=0 QTime=0
2018-12-21 10:45:33.633 INFO  (qtp1571967156-23) [   ] o.a.s.s.HttpSolrCall [admin] webapp=null path=/admin/cores params={indexInfo=false&wt=json&_=1545388601948} status=0 QTime=0
2018-12-21 10:45:33.637 INFO  (qtp1571967156-24) [   x:core_blog] o.a.s.c.S.Request [core_blog]  webapp=/solr path=/admin/luke params={show=schema&wt=json&_=1545388605601} status=0 QTime=1
2018-12-21 10:45:33.637 INFO  (qtp1571967156-21) [   x:core_blog] o.a.s.c.S.Request [core_blog]  webapp=/solr path=/config params={wt=json&_=1545388609042} status=0 QTime=0
2018-12-21 10:45:33.661 INFO  (qtp1571967156-42) [   ] o.a.s.s.HttpSolrCall [admin] webapp=null path=/admin/info/system params={wt=json&_=1545388601949} status=0 QTime=27
2018-12-21 10:45:33.687 INFO  (qtp1571967156-18) [   x:core_blog] o.a.s.c.S.Request [core_blog]  webapp=/solr path=/admin/luke params={numTerms=0&wt=json&_=1545388605601} status=0 QTime=0
2018-12-21 10:45:40.624 INFO  (qtp1571967156-42) [   ] o.a.s.s.HttpSolrCall [admin] webapp=null path=/admin/cores params={indexInfo=false&wt=json&_=1545388601948} status=0 QTime=0
2018-12-21 10:45:40.628 INFO  (qtp1571967156-19) [   x:core_blog] o.a.s.c.S.Request [core_blog]  webapp=/solr path=/admin/luke params={show=schema&wt=json&_=1545388605601} status=0 QTime=0
2018-12-21 10:45:40.628 INFO  (qtp1571967156-18) [   x:core_blog] o.a.s.c.S.Request [core_blog]  webapp=/solr path=/config params={wt=json&_=1545388609042} status=0 QTime=0
2018-12-21 10:45:40.648 INFO  (qtp1571967156-23) [   ] o.a.s.s.HttpSolrCall [admin] webapp=null path=/admin/info/system params={wt=json&_=1545388601949} status=0 QTime=23
2018-12-21 10:45:40.685 INFO  (qtp1571967156-24) [   x:core_blog] o.a.s.c.S.Request [core_blog]  webapp=/solr path=/admin/luke params={numTerms=0&wt=json&_=1545388605601} status=0 QTime=0
2018-12-21 10:45:43.310 INFO  (qtp1571967156-23) [   ] o.a.s.s.HttpSolrCall [admin] webapp=null path=/admin/cores params={indexInfo=false&wt=json&_=1545388601948} status=0 QTime=0
2018-12-21 10:45:43.313 INFO  (qtp1571967156-21) [   x:core_blog] o.a.s.c.S.Request [core_blog]  webapp=/solr path=/admin/luke params={show=schema&wt=json&_=1545388605601} status=0 QTime=0
2018-12-21 10:45:43.314 INFO  (qtp1571967156-24) [   x:core_blog] o.a.s.c.S.Request [core_blog]  webapp=/solr path=/config params={wt=json&_=1545388609042} status=0 QTime=0
2018-12-21 10:45:43.334 INFO  (qtp1571967156-42) [   ] o.a.s.s.HttpSolrCall [admin] webapp=null path=/admin/info/system params={wt=json&_=1545388601949} status=0 QTime=22
2018-12-21 10:45:43.358 INFO  (qtp1571967156-19) [   x:core_blog] o.a.s.c.S.Request [core_blog]  webapp=/solr path=/admin/luke params={numTerms=0&wt=json&_=1545388605601} status=0 QTime=0
2018-12-21 10:45:45.276 INFO  (qtp1571967156-42) [   ] o.a.s.s.HttpSolrCall [admin] webapp=null path=/admin/cores params={indexInfo=false&wt=json&_=1545388601948} status=0 QTime=0
2018-12-21 10:45:45.280 INFO  (qtp1571967156-19) [   x:core_blog] o.a.s.c.S.Request [core_blog]  webapp=/solr path=/admin/luke params={show=schema&wt=json&_=1545388605601} status=0 QTime=0
2018-12-21 10:45:45.280 INFO  (qtp1571967156-18) [   x:core_blog] o.a.s.c.S.Request [core_blog]  webapp=/solr path=/config params={wt=json&_=1545388609042} status=0 QTime=0
2018-12-21 10:45:45.305 INFO  (qtp1571967156-23) [   ] o.a.s.s.HttpSolrCall [admin] webapp=null path=/admin/info/system params={wt=json&_=1545388601949} status=0 QTime=28
2018-12-21 10:45:45.352 INFO  (qtp1571967156-21) [   x:core_blog] o.a.s.c.S.Request [core_blog]  webapp=/solr path=/admin/luke params={numTerms=0&wt=json&_=1545388605601} status=0 QTime=0
2018-12-21 10:45:47.231 INFO  (qtp1571967156-23) [   x:core_blog] o.a.s.c.S.Request [core_blog]  webapp=/solr path=/admin/luke params={fl=prenom&wt=json&_=1545388605601} status=0 QTime=0
2018-12-21 10:45:50.332 INFO  (qtp1571967156-23) [   ] o.a.s.s.HttpSolrCall [admin] webapp=null path=/admin/cores params={indexInfo=false&wt=json&_=1545388601948} status=0 QTime=0
2018-12-21 10:45:50.336 INFO  (qtp1571967156-21) [   x:core_blog] o.a.s.c.S.Request [core_blog]  webapp=/solr path=/replication params={wt=json&command=details&_=1545388605602} status=0 QTime=0
2018-12-21 10:45:50.360 INFO  (qtp1571967156-42) [   ] o.a.s.s.HttpSolrCall [admin] webapp=null path=/admin/info/system params={wt=json&_=1545388601949} status=0 QTime=26
2018-12-21 10:45:51.570 INFO  (qtp1571967156-19) [   ] o.a.s.s.HttpSolrCall [admin] webapp=null path=/admin/cores params={indexInfo=false&wt=json&_=1545388601948} status=0 QTime=0
2018-12-21 10:45:51.573 INFO  (qtp1571967156-24) [   x:core_blog] o.a.s.c.S.Request [core_blog]  webapp=/solr path=/admin/luke params={show=schema&wt=json&_=1545388605601} status=0 QTime=0
2018-12-21 10:45:51.573 INFO  (qtp1571967156-23) [   x:core_blog] o.a.s.c.S.Request [core_blog]  webapp=/solr path=/config params={wt=json&_=1545388609042} status=0 QTime=0
2018-12-21 10:45:51.594 INFO  (qtp1571967156-21) [   ] o.a.s.s.HttpSolrCall [admin] webapp=null path=/admin/info/system params={wt=json&_=1545388601949} status=0 QTime=24
2018-12-21 10:45:51.635 INFO  (qtp1571967156-42) [   x:core_blog] o.a.s.c.S.Request [core_blog]  webapp=/solr path=/admin/luke params={numTerms=0&wt=json&_=1545388605601} status=0 QTime=0
2018-12-21 10:45:53.261 INFO  (qtp1571967156-42) [   ] o.a.s.s.HttpSolrCall [admin] webapp=null path=/admin/cores params={indexInfo=false&wt=json&_=1545388601948} status=0 QTime=0
2018-12-21 10:45:53.269 INFO  (qtp1571967156-21) [   x:core_blog] o.a.s.c.S.Request [core_blog]  webapp=/solr path=/admin/segments params={wt=json&_=1545389153257} status=0 QTime=5
2018-12-21 10:45:53.286 INFO  (qtp1571967156-19) [   ] o.a.s.s.HttpSolrCall [admin] webapp=null path=/admin/info/system params={wt=json&_=1545388601949} status=0 QTime=25
2018-12-21 10:45:55.758 INFO  (qtp1571967156-24) [   ] o.a.s.s.HttpSolrCall [admin] webapp=null path=/admin/cores params={indexInfo=false&wt=json&_=1545388601948} status=0 QTime=0
2018-12-21 10:45:55.762 INFO  (qtp1571967156-19) [   x:core_blog] o.a.s.c.S.Request [core_blog]  webapp=/solr path=/admin/luke params={show=schema&wt=json&_=1545388605601} status=0 QTime=0
2018-12-21 10:45:55.762 INFO  (qtp1571967156-18) [   x:core_blog] o.a.s.c.S.Request [core_blog]  webapp=/solr path=/config params={wt=json&_=1545388609042} status=0 QTime=0
2018-12-21 10:45:55.787 INFO  (qtp1571967156-42) [   ] o.a.s.s.HttpSolrCall [admin] webapp=null path=/admin/info/system params={wt=json&_=1545388601949} status=0 QTime=27
2018-12-21 10:45:55.844 INFO  (qtp1571967156-21) [   x:core_blog] o.a.s.c.S.Request [core_blog]  webapp=/solr path=/admin/luke params={numTerms=0&wt=json&_=1545388605601} status=0 QTime=0
2018-12-21 10:46:06.923 INFO  (qtp1571967156-42) [   ] o.a.s.s.HttpSolrCall [admin] webapp=null path=/admin/cores params={indexInfo=false&wt=json&_=1545389166682} status=0 QTime=0
2018-12-21 10:46:06.928 INFO  (qtp1571967156-23) [   x:core_blog] o.a.s.c.S.Request [core_blog]  webapp=/solr path=/config params={wt=json&_=1545389166900} status=0 QTime=0
2018-12-21 10:46:06.928 INFO  (qtp1571967156-21) [   x:core_blog] o.a.s.c.S.Request [core_blog]  webapp=/solr path=/admin/luke params={show=schema&wt=json&_=1545389166899} status=0 QTime=1
2018-12-21 10:46:06.954 INFO  (qtp1571967156-24) [   ] o.a.s.s.HttpSolrCall [admin] webapp=null path=/admin/info/system params={wt=json&_=1545389166682} status=0 QTime=29
2018-12-21 10:46:07.318 INFO  (qtp1571967156-42) [   x:core_blog] o.a.s.c.S.Request [core_blog]  webapp=/solr path=/admin/luke params={numTerms=0&wt=json&_=1545389166899} status=0 QTime=0
2018-12-21 10:46:10.987 INFO  (qtp1571967156-24) [   ] o.a.s.s.HttpSolrCall [admin] webapp=null path=/admin/cores params={indexInfo=false&wt=json&_=1545389166682} status=0 QTime=0
2018-12-21 10:46:10.990 INFO  (qtp1571967156-18) [   x:core_blog] o.a.s.c.S.Request [core_blog]  webapp=/solr path=/admin/luke params={show=schema&wt=json&_=1545389166899} status=0 QTime=0
2018-12-21 10:46:10.990 INFO  (qtp1571967156-21) [   x:core_blog] o.a.s.c.S.Request [core_blog]  webapp=/solr path=/config params={wt=json&_=1545389166900} status=0 QTime=0
2018-12-21 10:46:11.010 INFO  (qtp1571967156-19) [   ] o.a.s.s.HttpSolrCall [admin] webapp=null path=/admin/info/system params={wt=json&_=1545389166682} status=0 QTime=22
2018-12-21 10:46:11.040 INFO  (qtp1571967156-38) [   x:core_blog] o.a.s.c.S.Request [core_blog]  webapp=/solr path=/admin/luke params={numTerms=0&wt=json&_=1545389166899} status=0 QTime=0
2018-12-21 10:46:14.097 INFO  (qtp1571967156-19) [   ] o.a.s.s.HttpSolrCall [admin] webapp=null path=/admin/cores params={indexInfo=false&wt=json&_=1545389166682} status=0 QTime=0
2018-12-21 10:46:14.100 INFO  (qtp1571967156-23) [   x:core_blog] o.a.s.c.S.Request [core_blog]  webapp=/solr path=/admin/luke params={show=schema&wt=json&_=1545389166899} status=0 QTime=0
2018-12-21 10:46:14.101 INFO  (qtp1571967156-38) [   x:core_blog] o.a.s.c.S.Request [core_blog]  webapp=/solr path=/config params={wt=json&_=1545389166900} status=0 QTime=0
2018-12-21 10:46:14.120 INFO  (qtp1571967156-24) [   ] o.a.s.s.HttpSolrCall [admin] webapp=null path=/admin/info/system params={wt=json&_=1545389166682} status=0 QTime=22
2018-12-21 10:46:14.147 INFO  (qtp1571967156-18) [   x:core_blog] o.a.s.c.S.Request [core_blog]  webapp=/solr path=/admin/luke params={numTerms=0&wt=json&_=1545389166899} status=0 QTime=0
2018-12-21 10:52:38.139 INFO  (ShutdownMonitor) [   ] o.e.j.s.AbstractConnector Stopped ServerConnector@1c7fd41f{HTTP/1.1,[http/1.1]}{0.0.0.0:8983}
2018-12-21 10:52:38.139 INFO  (ShutdownMonitor) [   ] o.e.j.s.session node0 Stopped scavenging
2018-12-21 10:52:38.139 INFO  (ShutdownMonitor) [   ] o.a.s.c.CoreContainer Shutting down CoreContainer instance=1834361038
2018-12-21 10:52:38.139 INFO  (ShutdownMonitor) [   ] o.a.s.m.SolrMetricManager Closing metric reporters for registry=solr.node, tag=null
2018-12-21 10:52:38.139 INFO  (ShutdownMonitor) [   ] o.a.s.m.r.SolrJmxReporter Closing reporter [org.apache.solr.metrics.reporters.SolrJmxReporter@1dd6d4b7: rootName = null, domain = solr.node, service url = null, agent id = null] for registry solr.node / com.codahale.metrics.MetricRegistry@3d0bc87b
2018-12-21 10:52:38.139 INFO  (ShutdownMonitor) [   ] o.a.s.m.SolrMetricManager Closing metric reporters for registry=solr.jvm, tag=null
2018-12-21 10:52:38.155 INFO  (ShutdownMonitor) [   ] o.a.s.m.r.SolrJmxReporter Closing reporter [org.apache.solr.metrics.reporters.SolrJmxReporter@3401a114: rootName = null, domain = solr.jvm, service url = null, agent id = null] for registry solr.jvm / com.codahale.metrics.MetricRegistry@4f9dbdaf
2018-12-21 10:52:38.155 INFO  (ShutdownMonitor) [   ] o.a.s.m.SolrMetricManager Closing metric reporters for registry=solr.jetty, tag=null
2018-12-21 10:52:38.155 INFO  (ShutdownMonitor) [   ] o.a.s.m.r.SolrJmxReporter Closing reporter [org.apache.solr.metrics.reporters.SolrJmxReporter@5066d65f: rootName = null, domain = solr.jetty, service url = null, agent id = null] for registry solr.jetty / com.codahale.metrics.MetricRegistry@179a1fb6
2018-12-21 10:52:38.155 INFO  (coreCloseExecutor-15-thread-1) [   x:core_blog] o.a.s.c.SolrCore [core_blog]  CLOSING SolrCore org.apache.solr.core.SolrCore@2dbab15c
2018-12-21 10:52:38.155 INFO  (coreCloseExecutor-15-thread-1) [   x:core_blog] o.a.s.m.SolrMetricManager Closing metric reporters for registry=solr.core.core_blog, tag=2dbab15c
2018-12-21 10:52:38.155 INFO  (coreCloseExecutor-15-thread-1) [   x:core_blog] o.a.s.m.r.SolrJmxReporter Closing reporter [org.apache.solr.metrics.reporters.SolrJmxReporter@1a8e01e0: rootName = null, domain = solr.core.core_blog, service url = null, agent id = null] for registry solr.core.core_blog / com.codahale.metrics.MetricRegistry@15f32b37
2018-12-21 10:52:38.170 INFO  (ShutdownMonitor) [   ] o.e.j.s.h.ContextHandler Stopped o.e.j.w.WebAppContext@4e50c791{/solr,null,UNAVAILABLE}{C:\Users\saidb\Documents\SolrSearchEngine\server/solr-webapp/webapp}
